Using pre-set license

 COMMAND LINE ARGUMENTS:
/Applications/Unity/Hub/Editor/2020.3.2f1/Unity/Unity.app/Contents/MacOS/Unity
-adb2
-batchMode
-noUpm
-name
AssetImportWorker0
-projectPath
/Users/georgemariusstanciu/Downloads/unity-learn-junior-programmer-main/Challenge 2
-logFile
Logs/AssetImportWorker0.log
-srvPort
63651
Successfully changed project path to: /Users/georgemariusstanciu/Downloads/unity-learn-junior-programmer-main/Challenge 2
/Users/georgemariusstanciu/Downloads/unity-learn-junior-programmer-main/Challenge 2
Using Asset Import Pipeline V2.
Refreshing native plugins compatible for Editor in 39.40 ms, found 2 plugins.
Preloading 0 native plugins for Editor in 0.00 ms.
Initialize engine version: 2020.3.2f1 (8fd9074bf66c)
[Subsystems] Discovering subsystems at path /Applications/Unity/Hub/Editor/2020.3.2f1/Unity/Unity.app/Contents/Resources/UnitySubsystems
[Subsystems] Discovering subsystems at path /Users/georgemariusstanciu/Downloads/unity-learn-junior-programmer-main/Challenge 2/Assets
GfxDevice: creating device client; threaded=0
2024-09-17 19:50:32.866 Unity[96466:9004676] (null) preferred device: Apple M1 (high power)
2024-09-17 19:50:32.866 Unity[96466:9004676] Metal devices available: 1
2024-09-17 19:50:32.866 Unity[96466:9004676] 0: Apple M1 (high power)
2024-09-17 19:50:32.867 Unity[96466:9004676] Using device Apple M1 (high power)
Initializing Metal device caps: Apple M1
Initialize mono
Mono path[0] = '/Applications/Unity/Hub/Editor/2020.3.2f1/Unity/Unity.app/Contents/Managed'
Mono path[1] = '/Applications/Unity/Hub/Editor/2020.3.2f1/Unity/Unity.app/Contents/MonoBleedingEdge/lib/mono/unityjit'
Mono config path = '/Applications/Unity/Hub/Editor/2020.3.2f1/Unity/Unity.app/Contents/MonoBleedingEdge/etc'
Using monoOptions --debugger-agent=transport=dt_socket,embedding=1,server=y,suspend=n,address=127.0.0.1:56466
Begin MonoManager ReloadAssembly
Registering precompiled unity dll's ...
Register platform support module: /Applications/Unity/Hub/Editor/2020.3.2f1/Unity/Unity.app/Contents/PlaybackEngines/MacStandaloneSupport/UnityEditor.OSXStandalone.Extensions.dll
Registered in 0.001246 seconds.
Native extension for OSXStandalone target not found
Refreshing native plugins compatible for Editor in 39.74 ms, found 2 plugins.
Preloading 0 native plugins for Editor in 0.00 ms.
Invoked RoslynAnalysisRunner static constructor.
RoslynAnalysisRunner will not be running.
RoslynAnalysisRunner has terminated.
Mono: successfully reloaded assembly
- Completed reload, in  2.131 seconds
Platform modules already initialized, skipping
Registering precompiled user dll's ...
Registered in 0.005215 seconds.
Begin MonoManager ReloadAssembly
Native extension for OSXStandalone target not found
Refreshing native plugins compatible for Editor in 0.33 ms, found 2 plugins.
Preloading 0 native plugins for Editor in 0.00 ms.
Invoked RoslynAnalysisRunner static constructor.
RoslynAnalysisRunner will not be running.
RoslynAnalysisRunner has terminated.
Mono: successfully reloaded assembly
- Completed reload, in  3.801 seconds
Platform modules already initialized, skipping
========================================================================
Worker process is ready to serve import requests
Launching external process: /Applications/Unity/Hub/Editor/2020.3.2f1/Unity/Unity.app/Contents/Tools/UnityShaderCompiler
Launched and connected shader compiler UnityShaderCompiler after 0.09 seconds
Refreshing native plugins compatible for Editor in 0.38 ms, found 2 plugins.
Preloading 0 native plugins for Editor in 0.00 ms.
Unloading 1306 Unused Serialized files (Serialized files now loaded: 0)
System memory in use before: 57.2 MB.
System memory in use after: 57.3 MB.

Unloading 16 unused Assets to reduce memory usage. Loaded Objects now: 1742.
Total: 3.571166 ms (FindLiveObjects: 0.490375 ms CreateObjectMapping: 0.059333 ms MarkObjects: 2.889667 ms  DeleteObjects: 0.130042 ms)

========================================================================
Received Import Request.
  path: Assets/Scenes
  artifactKey: Guid(6c2a5c6f179c313498b2a45ec94669c5) Importer(815301076,1909f56bfc062723c751e8b465ee728b)
Start importing Assets/Scenes using Guid(6c2a5c6f179c313498b2a45ec94669c5) Importer(815301076,1909f56bfc062723c751e8b465ee728b)  -> (artifact id: '8de05fdc48a4c707081fa1397068ed24') in 0.010774 seconds
  Import took 0.014168 seconds .

========================================================================
Received Import Request.
  Time since last request: 0.000298 seconds.
  path: Assets/Scenes/Challenge 2.unity
  artifactKey: Guid(f695fe0c51d8449d2b49648dad174255) Importer(815301076,1909f56bfc062723c751e8b465ee728b)
Start importing Assets/Scenes/Challenge 2.unity using Guid(f695fe0c51d8449d2b49648dad174255) Importer(815301076,1909f56bfc062723c751e8b465ee728b)  -> (artifact id: '1f0871f9283fbdbc0d55497e5fb4d614') in 0.018523 seconds
  Import took 0.021516 seconds .

========================================================================
Received Prepare
Registering precompiled user dll's ...
Registered in 0.005289 seconds.
Begin MonoManager ReloadAssembly
Native extension for OSXStandalone target not found
Refreshing native plugins compatible for Editor in 0.25 ms, found 2 plugins.
Preloading 0 native plugins for Editor in 0.00 ms.
Invoked RoslynAnalysisRunner static constructor.
RoslynAnalysisRunner will not be running.
RoslynAnalysisRunner has terminated.
Mono: successfully reloaded assembly
- Completed reload, in  1.973 seconds
Platform modules already initialized, skipping
Refreshing native plugins compatible for Editor in 0.23 ms, found 2 plugins.
Preloading 0 native plugins for Editor in 0.00 ms.
Unloading 1300 Unused Serialized files (Serialized files now loaded: 0)
System memory in use before: 59.9 MB.
System memory in use after: 60.0 MB.

Unloading 11 unused Assets to reduce memory usage. Loaded Objects now: 1745.
Total: 3.079000 ms (FindLiveObjects: 0.439542 ms CreateObjectMapping: 0.025833 ms MarkObjects: 2.590417 ms  DeleteObjects: 0.021625 ms)

